2021-06-05 14:59:43.595 - Thread:   1 ->  Log Started
2021-06-05 14:59:43.595 - Thread:   1 ->  Timezone (local - UTC): 1h
2021-06-05 14:59:43.595 - Thread:   1 ->  App Version: 01_198_033
2021-06-05 14:59:43.612 - Thread:   1 ->  Space Engineers DS GUI Started
2021-06-05 14:59:43.612 - Thread:   1 ->  Is Service DS: True
2021-06-05 14:59:43.612 - Thread:   1 ->  Service Name: spacies-3-weewooweeewee
2021-06-05 14:59:43.908 - Thread:   1 ->  MyCampaignManager.Constructor() - START
2021-06-05 14:59:44.185 - Thread:   1 ->  MyCampaignManager.Constructor() - END
2021-06-05 14:59:44.249 - Thread:   1 ->  MyDefinitionManager.LoadScenarios() - START
2021-06-05 14:59:44.256 - Thread:   1 ->     e81c71c392ad854db386c9d131f9142aff57e7fd
2021-06-05 14:59:44.512 - Thread:   1 ->     Loading scenarios
2021-06-05 14:59:44.532 - Thread:   1 ->  MyDefinitionManager.LoadScenarios() - END
2021-06-05 14:59:44.533 - Thread:  10 ->  Loading available saves - START
2021-06-05 14:59:44.533 - Thread:   9 ->  Loading available saves - START
2021-06-05 14:59:44.535 - Thread:   9 ->     Loading Sandbox world configuration file G:\SteamLibrary\steamapps\common\SpaceEngineersDedicatedServer\Content\CustomWorlds\Alien Planet\PC\Sandbox_config.sbc
2021-06-05 14:59:44.539 - Thread:  10 ->     Loading Sandbox world configuration file C:\ProgramData\SpaceEngineersDedicated\spacies-3-weewooweeewee\Saves\spacieesss\Sandbox_config.sbc
2021-06-05 14:59:44.541 - Thread:   1 ->  MyDefinitionManager.LoadScenarios() - START
2021-06-05 14:59:44.543 - Thread:   1 ->     e81c71c392ad854db386c9d131f9142aff57e7fd
2021-06-05 14:59:44.562 - Thread:   9 ->     Loading Sandbox world configuration file G:\SteamLibrary\steamapps\common\SpaceEngineersDedicatedServer\Content\CustomWorlds\Alien System\XBox\Sandbox_config.sbc
2021-06-05 14:59:44.563 - Thread:  10 ->     Loading Sandbox world configuration file C:\ProgramData\SpaceEngineersDedicated\spacies-3-weewooweeewee\Saves\woops-we-did-it-again\Sandbox_config.sbc
2021-06-05 14:59:44.567 - Thread:   9 ->     Loading Sandbox world configuration file G:\SteamLibrary\steamapps\common\SpaceEngineersDedicatedServer\Content\CustomWorlds\Crashed Red Ship\Sandbox_config.sbc
2021-06-05 14:59:44.568 - Thread:  10 ->  Loading available saves - END
2021-06-05 14:59:44.570 - Thread:   9 ->     Loading Sandbox world configuration file G:\SteamLibrary\steamapps\common\SpaceEngineersDedicatedServer\Content\CustomWorlds\Dead Drop Arena\Sandbox_config.sbc
2021-06-05 14:59:44.576 - Thread:   9 ->     Loading Sandbox world configuration file G:\SteamLibrary\steamapps\common\SpaceEngineersDedicatedServer\Content\CustomWorlds\Distant Moons\Sandbox_config.sbc
2021-06-05 14:59:44.580 - Thread:   9 ->     Loading Sandbox world configuration file G:\SteamLibrary\steamapps\common\SpaceEngineersDedicatedServer\Content\CustomWorlds\Earth Planet\PC\Sandbox_config.sbc
2021-06-05 14:59:44.582 - Thread:   9 ->     Loading Sandbox world configuration file G:\SteamLibrary\steamapps\common\SpaceEngineersDedicatedServer\Content\CustomWorlds\Earth Planet\XBox\Sandbox_config.sbc
2021-06-05 14:59:44.584 - Thread:   9 ->     Loading Sandbox world configuration file G:\SteamLibrary\steamapps\common\SpaceEngineersDedicatedServer\Content\CustomWorlds\Empty World\Sandbox_config.sbc
2021-06-05 14:59:44.585 - Thread:   9 ->     Loading Sandbox world configuration file G:\SteamLibrary\steamapps\common\SpaceEngineersDedicatedServer\Content\CustomWorlds\Green Station\Sandbox_config.sbc
2021-06-05 14:59:44.589 - Thread:   9 ->     Loading Sandbox world configuration file G:\SteamLibrary\steamapps\common\SpaceEngineersDedicatedServer\Content\CustomWorlds\Home System\Sandbox_config.sbc
2021-06-05 14:59:44.591 - Thread:   9 ->     Loading Sandbox world configuration file G:\SteamLibrary\steamapps\common\SpaceEngineersDedicatedServer\Content\CustomWorlds\Lone Survivor\Sandbox_config.sbc
2021-06-05 14:59:44.597 - Thread:   9 ->     Loading Sandbox world configuration file G:\SteamLibrary\steamapps\common\SpaceEngineersDedicatedServer\Content\CustomWorlds\Mars Planet\PC\Sandbox_config.sbc
2021-06-05 14:59:44.599 - Thread:   9 ->     Loading Sandbox world configuration file G:\SteamLibrary\steamapps\common\SpaceEngineersDedicatedServer\Content\CustomWorlds\Mars Planet\XBox\Sandbox_config.sbc
2021-06-05 14:59:44.683 - Thread:   9 ->     Loading Sandbox world configuration file G:\SteamLibrary\steamapps\common\SpaceEngineersDedicatedServer\Content\CustomWorlds\Moon Base\XBox\Sandbox_config.sbc
2021-06-05 14:59:44.685 - Thread:   9 ->     Loading Sandbox world configuration file G:\SteamLibrary\steamapps\common\SpaceEngineersDedicatedServer\Content\CustomWorlds\Red Ship\Sandbox_config.sbc
2021-06-05 14:59:44.689 - Thread:   9 ->     Loading Sandbox world configuration file G:\SteamLibrary\steamapps\common\SpaceEngineersDedicatedServer\Content\CustomWorlds\Rival Platforms\Sandbox_config.sbc
2021-06-05 14:59:44.692 - Thread:   9 ->     Loading Sandbox world configuration file G:\SteamLibrary\steamapps\common\SpaceEngineersDedicatedServer\Content\CustomWorlds\Star System\Sandbox_config.sbc
2021-06-05 14:59:44.694 - Thread:   9 ->  Loading available saves - END
2021-06-05 14:59:44.695 - Thread:   1 ->     Loading scenarios
2021-06-05 14:59:44.695 - Thread:   1 ->  MyDefinitionManager.LoadScenarios() - END
2021-06-05 14:59:44.695 - Thread:   9 ->  Loading available saves - START
2021-06-05 14:59:44.695 - Thread:  10 ->  Loading available saves - START
2021-06-05 14:59:44.696 - Thread:  10 ->     Loading Sandbox world configuration file G:\SteamLibrary\steamapps\common\SpaceEngineersDedicatedServer\Content\CustomWorlds\Alien Planet\PC\Sandbox_config.sbc
2021-06-05 14:59:44.696 - Thread:   9 ->     Loading Sandbox world configuration file C:\ProgramData\SpaceEngineersDedicated\spacies-3-weewooweeewee\Saves\spacieesss\Sandbox_config.sbc
2021-06-05 14:59:44.700 - Thread:   9 ->     Loading Sandbox world configuration file C:\ProgramData\SpaceEngineersDedicated\spacies-3-weewooweeewee\Saves\woops-we-did-it-again\Sandbox_config.sbc
2021-06-05 14:59:44.700 - Thread:  10 ->     Loading Sandbox world configuration file G:\SteamLibrary\steamapps\common\SpaceEngineersDedicatedServer\Content\CustomWorlds\Alien System\XBox\Sandbox_config.sbc
2021-06-05 14:59:44.701 - Thread:   9 ->  Loading available saves - END
2021-06-05 14:59:44.702 - Thread:  10 ->     Loading Sandbox world configuration file G:\SteamLibrary\steamapps\common\SpaceEngineersDedicatedServer\Content\CustomWorlds\Crashed Red Ship\Sandbox_config.sbc
2021-06-05 14:59:44.703 - Thread:  10 ->     Loading Sandbox world configuration file G:\SteamLibrary\steamapps\common\SpaceEngineersDedicatedServer\Content\CustomWorlds\Dead Drop Arena\Sandbox_config.sbc
2021-06-05 14:59:44.706 - Thread:  10 ->     Loading Sandbox world configuration file G:\SteamLibrary\steamapps\common\SpaceEngineersDedicatedServer\Content\CustomWorlds\Distant Moons\Sandbox_config.sbc
2021-06-05 14:59:44.708 - Thread:  10 ->     Loading Sandbox world configuration file G:\SteamLibrary\steamapps\common\SpaceEngineersDedicatedServer\Content\CustomWorlds\Earth Planet\PC\Sandbox_config.sbc
2021-06-05 14:59:44.712 - Thread:  10 ->     Loading Sandbox world configuration file G:\SteamLibrary\steamapps\common\SpaceEngineersDedicatedServer\Content\CustomWorlds\Earth Planet\XBox\Sandbox_config.sbc
2021-06-05 14:59:44.713 - Thread:  10 ->     Loading Sandbox world configuration file G:\SteamLibrary\steamapps\common\SpaceEngineersDedicatedServer\Content\CustomWorlds\Empty World\Sandbox_config.sbc
2021-06-05 14:59:44.714 - Thread:  10 ->     Loading Sandbox world configuration file G:\SteamLibrary\steamapps\common\SpaceEngineersDedicatedServer\Content\CustomWorlds\Green Station\Sandbox_config.sbc
2021-06-05 14:59:44.716 - Thread:  10 ->     Loading Sandbox world configuration file G:\SteamLibrary\steamapps\common\SpaceEngineersDedicatedServer\Content\CustomWorlds\Home System\Sandbox_config.sbc
2021-06-05 14:59:44.717 - Thread:  10 ->     Loading Sandbox world configuration file G:\SteamLibrary\steamapps\common\SpaceEngineersDedicatedServer\Content\CustomWorlds\Lone Survivor\Sandbox_config.sbc
2021-06-05 14:59:44.719 - Thread:  10 ->     Loading Sandbox world configuration file G:\SteamLibrary\steamapps\common\SpaceEngineersDedicatedServer\Content\CustomWorlds\Mars Planet\PC\Sandbox_config.sbc
2021-06-05 14:59:44.721 - Thread:  10 ->     Loading Sandbox world configuration file G:\SteamLibrary\steamapps\common\SpaceEngineersDedicatedServer\Content\CustomWorlds\Mars Planet\XBox\Sandbox_config.sbc
2021-06-05 14:59:44.737 - Thread:  10 ->     Loading Sandbox world configuration file G:\SteamLibrary\steamapps\common\SpaceEngineersDedicatedServer\Content\CustomWorlds\Moon Base\XBox\Sandbox_config.sbc
2021-06-05 14:59:44.738 - Thread:  10 ->     Loading Sandbox world configuration file G:\SteamLibrary\steamapps\common\SpaceEngineersDedicatedServer\Content\CustomWorlds\Red Ship\Sandbox_config.sbc
2021-06-05 14:59:44.740 - Thread:  10 ->     Loading Sandbox world configuration file G:\SteamLibrary\steamapps\common\SpaceEngineersDedicatedServer\Content\CustomWorlds\Rival Platforms\Sandbox_config.sbc
2021-06-05 14:59:44.742 - Thread:  10 ->     Loading Sandbox world configuration file G:\SteamLibrary\steamapps\common\SpaceEngineersDedicatedServer\Content\CustomWorlds\Star System\Sandbox_config.sbc
2021-06-05 14:59:44.744 - Thread:  10 ->  Loading available saves - END
2021-06-05 14:59:44.820 - Thread:   1 ->  Loading Sandbox world configuration file C:\ProgramData\SpaceEngineersDedicated\spacies-3-weewooweeewee\Saves\woops-we-did-it-again\Sandbox_config.sbc
2021-06-05 14:59:47.154 - Thread:   1 ->  Loading Sandbox world configuration file C:\ProgramData\SpaceEngineersDedicated\spacies-3-weewooweeewee\Saves\woops-we-did-it-again\Sandbox_config.sbc
2021-06-05 14:59:47.156 - Thread:   1 ->  Saving Sandbox world configuration file C:\ProgramData\SpaceEngineersDedicated\spacies-3-weewooweeewee\Saves\woops-we-did-it-again\Sandbox_config.sbc
2021-06-05 14:59:47.187 - Thread:   1 ->  Start Service
2021-06-05 14:59:48.164 - Thread:   1 ->  Start Pipe Server
2021-06-06 19:18:32.361 - Thread:   1 ->  Stop Service
2021-06-06 19:18:36.372 - Thread:   1 ->  Log Closed
