2021-05-17 07:45:15.405 - Thread:   1 ->  Log Started
2021-05-17 07:45:15.405 - Thread:   1 ->  Timezone (local - UTC): 1h
2021-05-17 07:45:15.405 - Thread:   1 ->  App Version: 01_198_027
2021-05-17 07:45:15.427 - Thread:   1 ->  Space Engineers DS GUI Started
2021-05-17 07:45:15.427 - Thread:   1 ->  Is Service DS: True
2021-05-17 07:45:15.427 - Thread:   1 ->  Service Name: spacies-3-weewooweeewee
2021-05-17 07:45:15.797 - Thread:   1 ->  MyCampaignManager.Constructor() - START
2021-05-17 07:45:16.136 - Thread:   1 ->  MyCampaignManager.Constructor() - END
2021-05-17 07:45:16.198 - Thread:   1 ->  MyDefinitionManager.LoadScenarios() - START
2021-05-17 07:45:16.204 - Thread:   1 ->     e81c71c392ad854db386c9d131f9142aff57e7fd
2021-05-17 07:45:16.476 - Thread:   1 ->     Loading scenarios
2021-05-17 07:45:16.514 - Thread:   1 ->  MyDefinitionManager.LoadScenarios() - END
2021-05-17 07:45:16.522 - Thread:  10 ->  Loading available saves - START
2021-05-17 07:45:16.522 - Thread:   9 ->  Loading available saves - START
2021-05-17 07:45:16.527 - Thread:  10 ->     Loading Sandbox world configuration file C:\ProgramData\SpaceEngineersDedicated\spacies-3-weewooweeewee\Saves\spacieesss\Sandbox_config.sbc
2021-05-17 07:45:16.527 - Thread:   9 ->     Loading Sandbox world configuration file G:\SteamLibrary\steamapps\common\SpaceEngineersDedicatedServer\Content\CustomWorlds\Alien Planet\PC\Sandbox_config.sbc
2021-05-17 07:45:16.544 - Thread:   1 ->  MyDefinitionManager.LoadScenarios() - START
2021-05-17 07:45:16.546 - Thread:   1 ->     e81c71c392ad854db386c9d131f9142aff57e7fd
2021-05-17 07:45:16.564 - Thread:  10 ->     Loading Sandbox world configuration file C:\ProgramData\SpaceEngineersDedicated\spacies-3-weewooweeewee\Saves\woops-we-did-it-again\Sandbox_config.sbc
2021-05-17 07:45:16.565 - Thread:   9 ->     Loading Sandbox world configuration file G:\SteamLibrary\steamapps\common\SpaceEngineersDedicatedServer\Content\CustomWorlds\Alien System\XBox\Sandbox_config.sbc
2021-05-17 07:45:16.567 - Thread:   9 ->     Loading Sandbox world configuration file G:\SteamLibrary\steamapps\common\SpaceEngineersDedicatedServer\Content\CustomWorlds\Crashed Red Ship\Sandbox_config.sbc
2021-05-17 07:45:16.571 - Thread:  10 ->  Loading available saves - END
2021-05-17 07:45:16.572 - Thread:   9 ->     Loading Sandbox world configuration file G:\SteamLibrary\steamapps\common\SpaceEngineersDedicatedServer\Content\CustomWorlds\Dead Drop Arena\Sandbox_config.sbc
2021-05-17 07:45:16.576 - Thread:   9 ->     Loading Sandbox world configuration file G:\SteamLibrary\steamapps\common\SpaceEngineersDedicatedServer\Content\CustomWorlds\Distant Moons\Sandbox_config.sbc
2021-05-17 07:45:16.578 - Thread:   9 ->     Loading Sandbox world configuration file G:\SteamLibrary\steamapps\common\SpaceEngineersDedicatedServer\Content\CustomWorlds\Earth Planet\PC\Sandbox_config.sbc
2021-05-17 07:45:16.580 - Thread:   9 ->     Loading Sandbox world configuration file G:\SteamLibrary\steamapps\common\SpaceEngineersDedicatedServer\Content\CustomWorlds\Earth Planet\XBox\Sandbox_config.sbc
2021-05-17 07:45:16.581 - Thread:   9 ->     Loading Sandbox world configuration file G:\SteamLibrary\steamapps\common\SpaceEngineersDedicatedServer\Content\CustomWorlds\Empty World\Sandbox_config.sbc
2021-05-17 07:45:16.583 - Thread:   9 ->     Loading Sandbox world configuration file G:\SteamLibrary\steamapps\common\SpaceEngineersDedicatedServer\Content\CustomWorlds\Green Station\Sandbox_config.sbc
2021-05-17 07:45:16.588 - Thread:   9 ->     Loading Sandbox world configuration file G:\SteamLibrary\steamapps\common\SpaceEngineersDedicatedServer\Content\CustomWorlds\Home System\Sandbox_config.sbc
2021-05-17 07:45:16.592 - Thread:   9 ->     Loading Sandbox world configuration file G:\SteamLibrary\steamapps\common\SpaceEngineersDedicatedServer\Content\CustomWorlds\Lone Survivor\Sandbox_config.sbc
2021-05-17 07:45:16.594 - Thread:   9 ->     Loading Sandbox world configuration file G:\SteamLibrary\steamapps\common\SpaceEngineersDedicatedServer\Content\CustomWorlds\Mars Planet\PC\Sandbox_config.sbc
2021-05-17 07:45:16.596 - Thread:   9 ->     Loading Sandbox world configuration file G:\SteamLibrary\steamapps\common\SpaceEngineersDedicatedServer\Content\CustomWorlds\Mars Planet\XBox\Sandbox_config.sbc
2021-05-17 07:45:16.691 - Thread:   1 ->     Loading scenarios
2021-05-17 07:45:16.691 - Thread:   1 ->  MyDefinitionManager.LoadScenarios() - END
2021-05-17 07:45:16.691 - Thread:  11 ->  Loading available saves - START
2021-05-17 07:45:16.691 - Thread:  10 ->  Loading available saves - START
2021-05-17 07:45:16.693 - Thread:  10 ->     Loading Sandbox world configuration file G:\SteamLibrary\steamapps\common\SpaceEngineersDedicatedServer\Content\CustomWorlds\Alien Planet\PC\Sandbox_config.sbc
2021-05-17 07:45:16.694 - Thread:  11 ->     Loading Sandbox world configuration file C:\ProgramData\SpaceEngineersDedicated\spacies-3-weewooweeewee\Saves\spacieesss\Sandbox_config.sbc
2021-05-17 07:45:16.696 - Thread:  11 ->     Loading Sandbox world configuration file C:\ProgramData\SpaceEngineersDedicated\spacies-3-weewooweeewee\Saves\woops-we-did-it-again\Sandbox_config.sbc
2021-05-17 07:45:16.697 - Thread:  10 ->     Loading Sandbox world configuration file G:\SteamLibrary\steamapps\common\SpaceEngineersDedicatedServer\Content\CustomWorlds\Alien System\XBox\Sandbox_config.sbc
2021-05-17 07:45:16.700 - Thread:  11 ->  Loading available saves - END
2021-05-17 07:45:16.701 - Thread:  10 ->     Loading Sandbox world configuration file G:\SteamLibrary\steamapps\common\SpaceEngineersDedicatedServer\Content\CustomWorlds\Crashed Red Ship\Sandbox_config.sbc
2021-05-17 07:45:16.702 - Thread:  10 ->     Loading Sandbox world configuration file G:\SteamLibrary\steamapps\common\SpaceEngineersDedicatedServer\Content\CustomWorlds\Dead Drop Arena\Sandbox_config.sbc
2021-05-17 07:45:16.705 - Thread:  10 ->     Loading Sandbox world configuration file G:\SteamLibrary\steamapps\common\SpaceEngineersDedicatedServer\Content\CustomWorlds\Distant Moons\Sandbox_config.sbc
2021-05-17 07:45:16.707 - Thread:  10 ->     Loading Sandbox world configuration file G:\SteamLibrary\steamapps\common\SpaceEngineersDedicatedServer\Content\CustomWorlds\Earth Planet\PC\Sandbox_config.sbc
2021-05-17 07:45:16.709 - Thread:  10 ->     Loading Sandbox world configuration file G:\SteamLibrary\steamapps\common\SpaceEngineersDedicatedServer\Content\CustomWorlds\Earth Planet\XBox\Sandbox_config.sbc
2021-05-17 07:45:16.710 - Thread:  10 ->     Loading Sandbox world configuration file G:\SteamLibrary\steamapps\common\SpaceEngineersDedicatedServer\Content\CustomWorlds\Empty World\Sandbox_config.sbc
2021-05-17 07:45:16.712 - Thread:  10 ->     Loading Sandbox world configuration file G:\SteamLibrary\steamapps\common\SpaceEngineersDedicatedServer\Content\CustomWorlds\Green Station\Sandbox_config.sbc
2021-05-17 07:45:16.714 - Thread:  10 ->     Loading Sandbox world configuration file G:\SteamLibrary\steamapps\common\SpaceEngineersDedicatedServer\Content\CustomWorlds\Home System\Sandbox_config.sbc
2021-05-17 07:45:16.717 - Thread:  10 ->     Loading Sandbox world configuration file G:\SteamLibrary\steamapps\common\SpaceEngineersDedicatedServer\Content\CustomWorlds\Lone Survivor\Sandbox_config.sbc
2021-05-17 07:45:16.719 - Thread:  10 ->     Loading Sandbox world configuration file G:\SteamLibrary\steamapps\common\SpaceEngineersDedicatedServer\Content\CustomWorlds\Mars Planet\PC\Sandbox_config.sbc
2021-05-17 07:45:16.720 - Thread:  10 ->     Loading Sandbox world configuration file G:\SteamLibrary\steamapps\common\SpaceEngineersDedicatedServer\Content\CustomWorlds\Mars Planet\XBox\Sandbox_config.sbc
2021-05-17 07:45:16.827 - Thread:   9 ->     Loading Sandbox world configuration file G:\SteamLibrary\steamapps\common\SpaceEngineersDedicatedServer\Content\CustomWorlds\Moon Base\XBox\Sandbox_config.sbc
2021-05-17 07:45:16.827 - Thread:  10 ->     Loading Sandbox world configuration file G:\SteamLibrary\steamapps\common\SpaceEngineersDedicatedServer\Content\CustomWorlds\Moon Base\XBox\Sandbox_config.sbc
2021-05-17 07:45:16.829 - Thread:   9 ->     Loading Sandbox world configuration file G:\SteamLibrary\steamapps\common\SpaceEngineersDedicatedServer\Content\CustomWorlds\Red Ship\Sandbox_config.sbc
2021-05-17 07:45:16.829 - Thread:  10 ->     Loading Sandbox world configuration file G:\SteamLibrary\steamapps\common\SpaceEngineersDedicatedServer\Content\CustomWorlds\Red Ship\Sandbox_config.sbc
2021-05-17 07:45:16.834 - Thread:   9 ->     Loading Sandbox world configuration file G:\SteamLibrary\steamapps\common\SpaceEngineersDedicatedServer\Content\CustomWorlds\Rival Platforms\Sandbox_config.sbc
2021-05-17 07:45:16.834 - Thread:  10 ->     Loading Sandbox world configuration file G:\SteamLibrary\steamapps\common\SpaceEngineersDedicatedServer\Content\CustomWorlds\Rival Platforms\Sandbox_config.sbc
2021-05-17 07:45:16.839 - Thread:  10 ->     Loading Sandbox world configuration file G:\SteamLibrary\steamapps\common\SpaceEngineersDedicatedServer\Content\CustomWorlds\Star System\Sandbox_config.sbc
2021-05-17 07:45:16.839 - Thread:   9 ->     Loading Sandbox world configuration file G:\SteamLibrary\steamapps\common\SpaceEngineersDedicatedServer\Content\CustomWorlds\Star System\Sandbox_config.sbc
2021-05-17 07:45:16.843 - Thread:   9 ->  Loading available saves - END
2021-05-17 07:45:16.843 - Thread:  10 ->  Loading available saves - END
2021-05-17 07:45:16.846 - Thread:   1 ->  Loading Sandbox world configuration file C:\ProgramData\SpaceEngineersDedicated\spacies-3-weewooweeewee\Saves\woops-we-did-it-again\Sandbox_config.sbc
2021-05-17 07:45:18.424 - Thread:   1 ->  Loading Sandbox world configuration file C:\ProgramData\SpaceEngineersDedicated\spacies-3-weewooweeewee\Saves\woops-we-did-it-again\Sandbox_config.sbc
2021-05-17 07:45:18.426 - Thread:   1 ->  Saving Sandbox world configuration file C:\ProgramData\SpaceEngineersDedicated\spacies-3-weewooweeewee\Saves\woops-we-did-it-again\Sandbox_config.sbc
2021-05-17 07:45:18.452 - Thread:   1 ->  Start Service
2021-05-17 07:45:19.480 - Thread:   1 ->  Start Pipe Server
2021-05-18 00:32:50.410 - Thread:   1 ->  Stop Service
2021-05-18 00:33:03.950 - Thread:   1 ->  Log Closed
