2021-05-21 12:59:28.389 - Thread:   1 ->  Log Started
2021-05-21 12:59:28.390 - Thread:   1 ->  Timezone (local - UTC): 1h
2021-05-21 12:59:28.390 - Thread:   1 ->  App Version: 01_198_031
2021-05-21 12:59:28.413 - Thread:   1 ->  Space Engineers DS GUI Started
2021-05-21 12:59:28.413 - Thread:   1 ->  Is Service DS: True
2021-05-21 12:59:28.413 - Thread:   1 ->  Service Name: spacies-3-weewooweeewee
2021-05-21 12:59:28.764 - Thread:   1 ->  Start Pipe Server
2021-05-21 12:59:28.796 - Thread:   1 ->  MyCampaignManager.Constructor() - START
2021-05-21 12:59:29.052 - Thread:   1 ->  MyCampaignManager.Constructor() - END
2021-05-21 12:59:29.116 - Thread:   1 ->  MyDefinitionManager.LoadScenarios() - START
2021-05-21 12:59:29.122 - Thread:   1 ->     e81c71c392ad854db386c9d131f9142aff57e7fd
2021-05-21 12:59:29.392 - Thread:   1 ->     Loading scenarios
2021-05-21 12:59:29.433 - Thread:   1 ->  MyDefinitionManager.LoadScenarios() - END
2021-05-21 12:59:29.440 - Thread:  10 ->  Loading available saves - START
2021-05-21 12:59:29.441 - Thread:   9 ->  Loading available saves - START
2021-05-21 12:59:29.446 - Thread:   9 ->     Loading Sandbox world configuration file G:\SteamLibrary\steamapps\common\SpaceEngineersDedicatedServer\Content\CustomWorlds\Alien Planet\PC\Sandbox_config.sbc
2021-05-21 12:59:29.446 - Thread:  10 ->     Loading Sandbox world configuration file C:\ProgramData\SpaceEngineersDedicated\spacies-3-weewooweeewee\Saves\spacieesss\Sandbox_config.sbc
2021-05-21 12:59:29.488 - Thread:   9 ->     Loading Sandbox world configuration file G:\SteamLibrary\steamapps\common\SpaceEngineersDedicatedServer\Content\CustomWorlds\Alien System\XBox\Sandbox_config.sbc
2021-05-21 12:59:29.490 - Thread:   9 ->     Loading Sandbox world configuration file G:\SteamLibrary\steamapps\common\SpaceEngineersDedicatedServer\Content\CustomWorlds\Crashed Red Ship\Sandbox_config.sbc
2021-05-21 12:59:29.491 - Thread:  10 ->     Loading Sandbox world configuration file C:\ProgramData\SpaceEngineersDedicated\spacies-3-weewooweeewee\Saves\woops-we-did-it-again\Sandbox_config.sbc
2021-05-21 12:59:29.493 - Thread:   9 ->     Loading Sandbox world configuration file G:\SteamLibrary\steamapps\common\SpaceEngineersDedicatedServer\Content\CustomWorlds\Dead Drop Arena\Sandbox_config.sbc
2021-05-21 12:59:29.495 - Thread:  10 ->  Loading available saves - END
2021-05-21 12:59:29.497 - Thread:   9 ->     Loading Sandbox world configuration file G:\SteamLibrary\steamapps\common\SpaceEngineersDedicatedServer\Content\CustomWorlds\Distant Moons\Sandbox_config.sbc
2021-05-21 12:59:29.500 - Thread:   9 ->     Loading Sandbox world configuration file G:\SteamLibrary\steamapps\common\SpaceEngineersDedicatedServer\Content\CustomWorlds\Earth Planet\PC\Sandbox_config.sbc
2021-05-21 12:59:29.504 - Thread:   9 ->     Loading Sandbox world configuration file G:\SteamLibrary\steamapps\common\SpaceEngineersDedicatedServer\Content\CustomWorlds\Earth Planet\XBox\Sandbox_config.sbc
2021-05-21 12:59:29.506 - Thread:   9 ->     Loading Sandbox world configuration file G:\SteamLibrary\steamapps\common\SpaceEngineersDedicatedServer\Content\CustomWorlds\Empty World\Sandbox_config.sbc
2021-05-21 12:59:29.507 - Thread:   9 ->     Loading Sandbox world configuration file G:\SteamLibrary\steamapps\common\SpaceEngineersDedicatedServer\Content\CustomWorlds\Green Station\Sandbox_config.sbc
2021-05-21 12:59:29.511 - Thread:   9 ->     Loading Sandbox world configuration file G:\SteamLibrary\steamapps\common\SpaceEngineersDedicatedServer\Content\CustomWorlds\Home System\Sandbox_config.sbc
2021-05-21 12:59:29.513 - Thread:   9 ->     Loading Sandbox world configuration file G:\SteamLibrary\steamapps\common\SpaceEngineersDedicatedServer\Content\CustomWorlds\Lone Survivor\Sandbox_config.sbc
2021-05-21 12:59:29.517 - Thread:   9 ->     Loading Sandbox world configuration file G:\SteamLibrary\steamapps\common\SpaceEngineersDedicatedServer\Content\CustomWorlds\Mars Planet\PC\Sandbox_config.sbc
2021-05-21 12:59:29.519 - Thread:   9 ->     Loading Sandbox world configuration file G:\SteamLibrary\steamapps\common\SpaceEngineersDedicatedServer\Content\CustomWorlds\Mars Planet\XBox\Sandbox_config.sbc
2021-05-21 12:59:29.605 - Thread:   1 ->  Loading Sandbox world configuration file C:\ProgramData\SpaceEngineersDedicated\spacies-3-weewooweeewee\Saves\woops-we-did-it-again\Sandbox_config.sbc
2021-05-21 12:59:29.746 - Thread:   9 ->     Loading Sandbox world configuration file G:\SteamLibrary\steamapps\common\SpaceEngineersDedicatedServer\Content\CustomWorlds\Moon Base\XBox\Sandbox_config.sbc
2021-05-21 12:59:29.749 - Thread:   9 ->     Loading Sandbox world configuration file G:\SteamLibrary\steamapps\common\SpaceEngineersDedicatedServer\Content\CustomWorlds\Red Ship\Sandbox_config.sbc
2021-05-21 12:59:29.751 - Thread:   9 ->     Loading Sandbox world configuration file G:\SteamLibrary\steamapps\common\SpaceEngineersDedicatedServer\Content\CustomWorlds\Rival Platforms\Sandbox_config.sbc
2021-05-21 12:59:29.757 - Thread:   9 ->     Loading Sandbox world configuration file G:\SteamLibrary\steamapps\common\SpaceEngineersDedicatedServer\Content\CustomWorlds\Star System\Sandbox_config.sbc
2021-05-21 12:59:29.759 - Thread:   9 ->  Loading available saves - END
