2021-06-03 16:25:24.617 - Thread:   1 ->  Log Started
2021-06-03 16:25:24.618 - Thread:   1 ->  Timezone (local - UTC): 1h
2021-06-03 16:25:24.618 - Thread:   1 ->  App Version: 01_198_033
2021-06-03 16:25:24.638 - Thread:   1 ->  Space Engineers DS GUI Started
2021-06-03 16:25:24.638 - Thread:   1 ->  Is Service DS: True
2021-06-03 16:25:24.638 - Thread:   1 ->  Service Name: spacies-3-weewooweeewee
2021-06-03 16:25:25.043 - Thread:   1 ->  Start Pipe Server
2021-06-03 16:25:25.078 - Thread:   1 ->  MyCampaignManager.Constructor() - START
2021-06-03 16:25:25.374 - Thread:   1 ->  MyCampaignManager.Constructor() - END
2021-06-03 16:25:25.442 - Thread:   1 ->  MyDefinitionManager.LoadScenarios() - START
2021-06-03 16:25:25.448 - Thread:   1 ->     e81c71c392ad854db386c9d131f9142aff57e7fd
2021-06-03 16:25:25.727 - Thread:   1 ->     Loading scenarios
2021-06-03 16:25:25.768 - Thread:   1 ->  MyDefinitionManager.LoadScenarios() - END
2021-06-03 16:25:25.775 - Thread:   9 ->  Loading available saves - START
2021-06-03 16:25:25.777 - Thread:  10 ->  Loading available saves - START
2021-06-03 16:25:25.782 - Thread:  10 ->     Loading Sandbox world configuration file G:\SteamLibrary\steamapps\common\SpaceEngineersDedicatedServer\Content\CustomWorlds\Alien Planet\PC\Sandbox_config.sbc
2021-06-03 16:25:25.783 - Thread:   9 ->     Loading Sandbox world configuration file C:\ProgramData\SpaceEngineersDedicated\spacies-3-weewooweeewee\Saves\spacieesss\Sandbox_config.sbc
2021-06-03 16:25:25.825 - Thread:  10 ->     Loading Sandbox world configuration file G:\SteamLibrary\steamapps\common\SpaceEngineersDedicatedServer\Content\CustomWorlds\Alien System\XBox\Sandbox_config.sbc
2021-06-03 16:25:25.828 - Thread:  10 ->     Loading Sandbox world configuration file G:\SteamLibrary\steamapps\common\SpaceEngineersDedicatedServer\Content\CustomWorlds\Crashed Red Ship\Sandbox_config.sbc
2021-06-03 16:25:25.828 - Thread:   9 ->     Loading Sandbox world configuration file C:\ProgramData\SpaceEngineersDedicated\spacies-3-weewooweeewee\Saves\woops-we-did-it-again\Sandbox_config.sbc
2021-06-03 16:25:25.832 - Thread:  10 ->     Loading Sandbox world configuration file G:\SteamLibrary\steamapps\common\SpaceEngineersDedicatedServer\Content\CustomWorlds\Dead Drop Arena\Sandbox_config.sbc
2021-06-03 16:25:25.834 - Thread:   9 ->  Loading available saves - END
2021-06-03 16:25:25.837 - Thread:  10 ->     Loading Sandbox world configuration file G:\SteamLibrary\steamapps\common\SpaceEngineersDedicatedServer\Content\CustomWorlds\Distant Moons\Sandbox_config.sbc
2021-06-03 16:25:25.841 - Thread:  10 ->     Loading Sandbox world configuration file G:\SteamLibrary\steamapps\common\SpaceEngineersDedicatedServer\Content\CustomWorlds\Earth Planet\PC\Sandbox_config.sbc
2021-06-03 16:25:25.844 - Thread:  10 ->     Loading Sandbox world configuration file G:\SteamLibrary\steamapps\common\SpaceEngineersDedicatedServer\Content\CustomWorlds\Earth Planet\XBox\Sandbox_config.sbc
2021-06-03 16:25:25.846 - Thread:  10 ->     Loading Sandbox world configuration file G:\SteamLibrary\steamapps\common\SpaceEngineersDedicatedServer\Content\CustomWorlds\Empty World\Sandbox_config.sbc
2021-06-03 16:25:25.850 - Thread:  10 ->     Loading Sandbox world configuration file G:\SteamLibrary\steamapps\common\SpaceEngineersDedicatedServer\Content\CustomWorlds\Green Station\Sandbox_config.sbc
2021-06-03 16:25:25.854 - Thread:  10 ->     Loading Sandbox world configuration file G:\SteamLibrary\steamapps\common\SpaceEngineersDedicatedServer\Content\CustomWorlds\Home System\Sandbox_config.sbc
2021-06-03 16:25:25.855 - Thread:  10 ->     Loading Sandbox world configuration file G:\SteamLibrary\steamapps\common\SpaceEngineersDedicatedServer\Content\CustomWorlds\Lone Survivor\Sandbox_config.sbc
2021-06-03 16:25:25.861 - Thread:  10 ->     Loading Sandbox world configuration file G:\SteamLibrary\steamapps\common\SpaceEngineersDedicatedServer\Content\CustomWorlds\Mars Planet\PC\Sandbox_config.sbc
2021-06-03 16:25:25.863 - Thread:  10 ->     Loading Sandbox world configuration file G:\SteamLibrary\steamapps\common\SpaceEngineersDedicatedServer\Content\CustomWorlds\Mars Planet\XBox\Sandbox_config.sbc
2021-06-03 16:25:25.950 - Thread:   1 ->  Loading Sandbox world configuration file C:\ProgramData\SpaceEngineersDedicated\spacies-3-weewooweeewee\Saves\woops-we-did-it-again\Sandbox_config.sbc
2021-06-03 16:25:26.124 - Thread:  10 ->     Loading Sandbox world configuration file G:\SteamLibrary\steamapps\common\SpaceEngineersDedicatedServer\Content\CustomWorlds\Moon Base\XBox\Sandbox_config.sbc
2021-06-03 16:25:26.126 - Thread:  10 ->     Loading Sandbox world configuration file G:\SteamLibrary\steamapps\common\SpaceEngineersDedicatedServer\Content\CustomWorlds\Red Ship\Sandbox_config.sbc
2021-06-03 16:25:26.129 - Thread:  10 ->     Loading Sandbox world configuration file G:\SteamLibrary\steamapps\common\SpaceEngineersDedicatedServer\Content\CustomWorlds\Rival Platforms\Sandbox_config.sbc
2021-06-03 16:25:26.134 - Thread:  10 ->     Loading Sandbox world configuration file G:\SteamLibrary\steamapps\common\SpaceEngineersDedicatedServer\Content\CustomWorlds\Star System\Sandbox_config.sbc
2021-06-03 16:25:26.137 - Thread:  10 ->  Loading available saves - END
2021-06-03 21:03:57.964 - Thread:   1 ->  Stop Service
2021-06-03 21:04:01.833 - Thread:   1 ->  Log Closed
