2021-05-19 17:15:43.407 - Thread:   1 ->  Log Started
2021-05-19 17:15:43.407 - Thread:   1 ->  Timezone (local - UTC): 1h
2021-05-19 17:15:43.407 - Thread:   1 ->  App Version: 01_198_027
2021-05-19 17:15:43.427 - Thread:   1 ->  Space Engineers DS GUI Started
2021-05-19 17:15:43.427 - Thread:   1 ->  Is Service DS: True
2021-05-19 17:15:43.427 - Thread:   1 ->  Service Name: spacies-3-weewooweeewee
2021-05-19 17:15:43.812 - Thread:   1 ->  Start Pipe Server
2021-05-19 17:15:43.830 - Thread:   1 ->  MyCampaignManager.Constructor() - START
2021-05-19 17:15:44.106 - Thread:   1 ->  MyCampaignManager.Constructor() - END
2021-05-19 17:15:44.166 - Thread:   1 ->  MyDefinitionManager.LoadScenarios() - START
2021-05-19 17:15:44.173 - Thread:   1 ->     e81c71c392ad854db386c9d131f9142aff57e7fd
2021-05-19 17:15:44.449 - Thread:   1 ->     Loading scenarios
2021-05-19 17:15:44.489 - Thread:   1 ->  MyDefinitionManager.LoadScenarios() - END
2021-05-19 17:15:44.497 - Thread:   9 ->  Loading available saves - START
2021-05-19 17:15:44.497 - Thread:  10 ->  Loading available saves - START
2021-05-19 17:15:44.502 - Thread:  10 ->     Loading Sandbox world configuration file G:\SteamLibrary\steamapps\common\SpaceEngineersDedicatedServer\Content\CustomWorlds\Alien Planet\PC\Sandbox_config.sbc
2021-05-19 17:15:44.503 - Thread:   9 ->     Loading Sandbox world configuration file C:\ProgramData\SpaceEngineersDedicated\spacies-3-weewooweeewee\Saves\spacieesss\Sandbox_config.sbc
2021-05-19 17:15:44.544 - Thread:  10 ->     Loading Sandbox world configuration file G:\SteamLibrary\steamapps\common\SpaceEngineersDedicatedServer\Content\CustomWorlds\Alien System\XBox\Sandbox_config.sbc
2021-05-19 17:15:44.545 - Thread:   9 ->     Loading Sandbox world configuration file C:\ProgramData\SpaceEngineersDedicated\spacies-3-weewooweeewee\Saves\woops-we-did-it-again\Sandbox_config.sbc
2021-05-19 17:15:44.548 - Thread:  10 ->     Loading Sandbox world configuration file G:\SteamLibrary\steamapps\common\SpaceEngineersDedicatedServer\Content\CustomWorlds\Crashed Red Ship\Sandbox_config.sbc
2021-05-19 17:15:44.551 - Thread:   9 ->  Loading available saves - END
2021-05-19 17:15:44.551 - Thread:  10 ->     Loading Sandbox world configuration file G:\SteamLibrary\steamapps\common\SpaceEngineersDedicatedServer\Content\CustomWorlds\Dead Drop Arena\Sandbox_config.sbc
2021-05-19 17:15:44.557 - Thread:  10 ->     Loading Sandbox world configuration file G:\SteamLibrary\steamapps\common\SpaceEngineersDedicatedServer\Content\CustomWorlds\Distant Moons\Sandbox_config.sbc
2021-05-19 17:15:44.559 - Thread:  10 ->     Loading Sandbox world configuration file G:\SteamLibrary\steamapps\common\SpaceEngineersDedicatedServer\Content\CustomWorlds\Earth Planet\PC\Sandbox_config.sbc
2021-05-19 17:15:44.561 - Thread:  10 ->     Loading Sandbox world configuration file G:\SteamLibrary\steamapps\common\SpaceEngineersDedicatedServer\Content\CustomWorlds\Earth Planet\XBox\Sandbox_config.sbc
2021-05-19 17:15:44.563 - Thread:  10 ->     Loading Sandbox world configuration file G:\SteamLibrary\steamapps\common\SpaceEngineersDedicatedServer\Content\CustomWorlds\Empty World\Sandbox_config.sbc
2021-05-19 17:15:44.565 - Thread:  10 ->     Loading Sandbox world configuration file G:\SteamLibrary\steamapps\common\SpaceEngineersDedicatedServer\Content\CustomWorlds\Green Station\Sandbox_config.sbc
2021-05-19 17:15:44.570 - Thread:  10 ->     Loading Sandbox world configuration file G:\SteamLibrary\steamapps\common\SpaceEngineersDedicatedServer\Content\CustomWorlds\Home System\Sandbox_config.sbc
2021-05-19 17:15:44.574 - Thread:  10 ->     Loading Sandbox world configuration file G:\SteamLibrary\steamapps\common\SpaceEngineersDedicatedServer\Content\CustomWorlds\Lone Survivor\Sandbox_config.sbc
2021-05-19 17:15:44.576 - Thread:  10 ->     Loading Sandbox world configuration file G:\SteamLibrary\steamapps\common\SpaceEngineersDedicatedServer\Content\CustomWorlds\Mars Planet\PC\Sandbox_config.sbc
2021-05-19 17:15:44.579 - Thread:  10 ->     Loading Sandbox world configuration file G:\SteamLibrary\steamapps\common\SpaceEngineersDedicatedServer\Content\CustomWorlds\Mars Planet\XBox\Sandbox_config.sbc
2021-05-19 17:15:44.665 - Thread:   1 ->  Loading Sandbox world configuration file C:\ProgramData\SpaceEngineersDedicated\spacies-3-weewooweeewee\Saves\woops-we-did-it-again\Sandbox_config.sbc
2021-05-19 17:15:44.807 - Thread:  10 ->     Loading Sandbox world configuration file G:\SteamLibrary\steamapps\common\SpaceEngineersDedicatedServer\Content\CustomWorlds\Moon Base\XBox\Sandbox_config.sbc
2021-05-19 17:15:44.809 - Thread:  10 ->     Loading Sandbox world configuration file G:\SteamLibrary\steamapps\common\SpaceEngineersDedicatedServer\Content\CustomWorlds\Red Ship\Sandbox_config.sbc
2021-05-19 17:15:44.813 - Thread:  10 ->     Loading Sandbox world configuration file G:\SteamLibrary\steamapps\common\SpaceEngineersDedicatedServer\Content\CustomWorlds\Rival Platforms\Sandbox_config.sbc
2021-05-19 17:15:44.816 - Thread:  10 ->     Loading Sandbox world configuration file G:\SteamLibrary\steamapps\common\SpaceEngineersDedicatedServer\Content\CustomWorlds\Star System\Sandbox_config.sbc
2021-05-19 17:15:44.820 - Thread:  10 ->  Loading available saves - END
2021-05-20 00:45:13.290 - Thread:   1 ->  Stop Service
